Aug 01, 2012 1:35:36 PM util.WriteLog write INFO: Information message
Aug 01, 2012 1:35:37 PM util.WriteLog write
WARNING: Warning message
Aug 01, 2012 4:53:34 PM util.WriteLog write
INFO: Information message
Aug 01, 2012 4:53:34 PM util.WriteLog write
WARNING: Warning message
Aug 03, 2012 11:36:11 AM util.WriteLog write
INFO: Information message
Aug 03, 2012 11:36:11 AM util.WriteLog write
WARNING: Warning message
Aug 03, 2012 2:17:58 PM util.WriteLog write
INFO: Information message
Aug 03, 2012 2:17:58 PM util.WriteLog write
WARNING: Warning message
Aug 03, 2012 3:19:41 PM util.WriteLog write
INFO: Information message
Aug 03, 2012 3:19:41 PM util.WriteLog write
WARNING: Warning message
Aug 06, 2012 10:47:53 AM util.WriteLog write
INFO: Information message
Aug 06, 2012 10:47:53 AM util.WriteLog write
WARNING: Warning message
Aug 06, 2012 11:21:36 AM util.WriteLog write
INFO: Information message
Aug 06, 2012 11:21:36 AM util.WriteLog write
WARNING: Warning message
Aug 06, 2012 12:27:19 PM util.WriteLog write
INFO: Information message
Aug 06, 2012 12:27:19 PM util.WriteLog write
WARNING: Warning message
Aug 06, 2012 4:18:05 PM util.WriteLog write
INFO: Information message
Aug 06, 2012 4:18:05 PM util.WriteLog write
WARNING: Warning message
Aug 07, 2012 10:02:21 AM util.WriteLog write
INFO: Information message
Aug 07, 2012 10:02:21 AM util.WriteLog write
WARNING: Warning message
